<?xml version="1.0" encoding="UTF-8"?>
<coverage generated="1634649893571" clover="3.2.0">
  <project timestamp="1634649893571" name="All files">
    <metrics statements="30" coveredstatements="24" conditionals="4" coveredconditionals="4" methods="12" coveredmethods="9" elements="46" coveredelements="37" complexity="0" loc="30" ncloc="30" packages="1" files="4" classes="4"/>
    <file name="dockingstation.js" path="/Users/julienmahe-crenn/Documents/Multiverse Scooter Project/Multiverse-Scooter-Project/src/dockingstation.js">
      <metrics statements="15" coveredstatements="9" conditionals="0" coveredconditionals="0" methods="7" coveredmethods="5"/>
      <line num="2" count="1" type="stmt"/>
      <line num="5" count="4" type="stmt"/>
      <line num="6" count="4" type="stmt"/>
      <line num="7" count="4" type="stmt"/>
      <line num="8" count="4" type="stmt"/>
      <line num="12" count="2" type="stmt"/>
      <line num="13" count="2" type="stmt"/>
      <line num="17" count="0" type="stmt"/>
      <line num="18" count="0" type="stmt"/>
      <line num="19" count="0" type="stmt"/>
      <line num="20" count="0" type="stmt"/>
      <line num="21" count="0" type="stmt"/>
      <line num="22" count="0" type="stmt"/>
      <line num="27" count="1" type="stmt"/>
      <line num="31" count="1" type="stmt"/>
    </file>
    <file name="maintenance.js" path="/Users/julienmahe-crenn/Documents/Multiverse Scooter Project/Multiverse-Scooter-Project/src/maintenance.js">
      <metrics statements="4" coveredstatements="4" conditionals="2" coveredconditionals="2" methods="2" coveredmethods="1"/>
      <line num="4" count="2" type="cond" truecount="2" falsecount="0"/>
      <line num="5" count="1" type="stmt"/>
      <line num="7" count="1" type="stmt"/>
      <line num="15" count="1" type="stmt"/>
    </file>
    <file name="scooter.js" path="/Users/julienmahe-crenn/Documents/Multiverse Scooter Project/Multiverse-Scooter-Project/src/scooter.js">
      <metrics statements="5" coveredstatements="5" conditionals="0" coveredconditionals="0" methods="1" coveredmethods="1"/>
      <line num="3" count="5" type="stmt"/>
      <line num="4" count="5" type="stmt"/>
      <line num="5" count="5" type="stmt"/>
      <line num="6" count="5" type="stmt"/>
      <line num="10" count="1" type="stmt"/>
    </file>
    <file name="user.js" path="/Users/julienmahe-crenn/Documents/Multiverse Scooter Project/Multiverse-Scooter-Project/src/user.js">
      <metrics statements="6" coveredstatements="6" conditionals="2" coveredconditionals="2" methods="2" coveredmethods="2"/>
      <line num="3" count="4" type="stmt"/>
      <line num="4" count="4" type="stmt"/>
      <line num="8" count="2" type="cond" truecount="2" falsecount="0"/>
      <line num="9" count="1" type="stmt"/>
      <line num="11" count="1" type="stmt"/>
      <line num="16" count="1" type="stmt"/>
    </file>
  </project>
</coverage>
