{"/Users/julienmahe-crenn/Documents/Multiverse Scooter Project/Multiverse-Scooter-Project/src/dockingstation.js": {"path":"/Users/julienmahe-crenn/Documents/Multiverse Scooter Project/Multiverse-Scooter-Project/src/dockingstation.js","statementMap":{"0":{"start":{"line":2,"column":29},"end":{"line":2,"column":31}},"1":{"start":{"line":5,"column":8},"end":{"line":5,"column":25}},"2":{"start":{"line":6,"column":8},"end":{"line":6,"column":51}},"3":{"start":{"line":7,"column":8},"end":{"line":7,"column":33}},"4":{"start":{"line":8,"column":8},"end":{"line":8,"column":57}},"5":{"start":{"line":12,"column":8},"end":{"line":12,"column":105}},"6":{"start":{"line":12,"column":69},"end":{"line":12,"column":103}},"7":{"start":{"line":13,"column":8},"end":{"line":13,"column":42}},"8":{"start":{"line":17,"column":22},"end":{"line":17,"column":26}},"9":{"start":{"line":18,"column":8},"end":{"line":23,"column":16}},"10":{"start":{"line":19,"column":12},"end":{"line":19,"column":38}},"11":{"start":{"line":20,"column":12},"end":{"line":20,"column":31}},"12":{"start":{"line":21,"column":12},"end":{"line":21,"column":52}},"13":{"start":{"line":22,"column":12},"end":{"line":22,"column":43}},"14":{"start":{"line":27,"column":8},"end":{"line":27,"column":105}},"15":{"start":{"line":27,"column":69},"end":{"line":27,"column":103}},"16":{"start":{"line":31,"column":0},"end":{"line":31,"column":34}}},"fnMap":{"0":{"name":"(anonymous_0)","decl":{"start":{"line":4,"column":4},"end":{"line":4,"column":5}},"loc":{"start":{"line":4,"column":41},"end":{"line":9,"column":5}},"line":4},"1":{"name":"(anonymous_1)","decl":{"start":{"line":11,"column":4},"end":{"line":11,"column":5}},"loc":{"start":{"line":11,"column":26},"end":{"line":14,"column":5}},"line":11},"2":{"name":"(anonymous_2)","decl":{"start":{"line":12,"column":63},"end":{"line":12,"column":64}},"loc":{"start":{"line":12,"column":69},"end":{"line":12,"column":103}},"line":12},"3":{"name":"(anonymous_3)","decl":{"start":{"line":16,"column":4},"end":{"line":16,"column":5}},"loc":{"start":{"line":16,"column":27},"end":{"line":24,"column":5}},"line":16},"4":{"name":"(anonymous_4)","decl":{"start":{"line":18,"column":20},"end":{"line":18,"column":21}},"loc":{"start":{"line":18,"column":26},"end":{"line":23,"column":9}},"line":18},"5":{"name":"(anonymous_5)","decl":{"start":{"line":26,"column":4},"end":{"line":26,"column":5}},"loc":{"start":{"line":26,"column":27},"end":{"line":28,"column":5}},"line":26},"6":{"name":"(anonymous_6)","decl":{"start":{"line":27,"column":63},"end":{"line":27,"column":64}},"loc":{"start":{"line":27,"column":69},"end":{"line":27,"column":103}},"line":27}},"branchMap":{},"s":{"0":1,"1":4,"2":4,"3":4,"4":4,"5":2,"6":1,"7":2,"8":0,"9":0,"10":0,"11":0,"12":0,"13":0,"14":1,"15":1,"16":1},"f":{"0":4,"1":2,"2":1,"3":0,"4":0,"5":1,"6":1},"b":{},"_coverageSchema":"1a1c01bbd47fc00a2c39e90264f33305004495a9","hash":"88bbf3499fef26a28693261727c98f46b275c5b7"}
,"/Users/julienmahe-crenn/Documents/Multiverse Scooter Project/Multiverse-Scooter-Project/src/maintenance.js": {"path":"/Users/julienmahe-crenn/Documents/Multiverse Scooter Project/Multiverse-Scooter-Project/src/maintenance.js","statementMap":{"0":{"start":{"line":4,"column":8},"end":{"line":8,"column":9}},"1":{"start":{"line":5,"column":12},"end":{"line":5,"column":50}},"2":{"start":{"line":7,"column":12},"end":{"line":7,"column":48}},"3":{"start":{"line":15,"column":0},"end":{"line":15,"column":31}}},"fnMap":{"0":{"name":"(anonymous_0)","decl":{"start":{"line":3,"column":4},"end":{"line":3,"column":5}},"loc":{"start":{"line":3,"column":38},"end":{"line":9,"column":5}},"line":3},"1":{"name":"(anonymous_1)","decl":{"start":{"line":11,"column":4},"end":{"line":11,"column":5}},"loc":{"start":{"line":11,"column":34},"end":{"line":12,"column":5}},"line":11}},"branchMap":{"0":{"loc":{"start":{"line":4,"column":8},"end":{"line":8,"column":9}},"type":"if","locations":[{"start":{"line":4,"column":8},"end":{"line":8,"column":9}},{"start":{"line":6,"column":14},"end":{"line":8,"column":9}}],"line":4}},"s":{"0":2,"1":1,"2":1,"3":1},"f":{"0":2,"1":0},"b":{"0":[1,1]},"_coverageSchema":"1a1c01bbd47fc00a2c39e90264f33305004495a9","hash":"6726ec0a940fb75d6b9a0765d5663b91fab6d711"}
,"/Users/julienmahe-crenn/Documents/Multiverse Scooter Project/Multiverse-Scooter-Project/src/scooter.js": {"path":"/Users/julienmahe-crenn/Documents/Multiverse Scooter Project/Multiverse-Scooter-Project/src/scooter.js","statementMap":{"0":{"start":{"line":3,"column":8},"end":{"line":3,"column":35}},"1":{"start":{"line":4,"column":8},"end":{"line":4,"column":39}},"2":{"start":{"line":5,"column":8},"end":{"line":5,"column":44}},"3":{"start":{"line":6,"column":8},"end":{"line":6,"column":30}},"4":{"start":{"line":10,"column":0},"end":{"line":10,"column":27}}},"fnMap":{"0":{"name":"(anonymous_0)","decl":{"start":{"line":2,"column":4},"end":{"line":2,"column":5}},"loc":{"start":{"line":2,"column":40},"end":{"line":7,"column":5}},"line":2}},"branchMap":{},"s":{"0":5,"1":5,"2":5,"3":5,"4":1},"f":{"0":5},"b":{},"_coverageSchema":"1a1c01bbd47fc00a2c39e90264f33305004495a9","hash":"465d3f79afba50ad56855ea69c1414723df3b754"}
,"/Users/julienmahe-crenn/Documents/Multiverse Scooter Project/Multiverse-Scooter-Project/src/user.js": {"path":"/Users/julienmahe-crenn/Documents/Multiverse Scooter Project/Multiverse-Scooter-Project/src/user.js","statementMap":{"0":{"start":{"line":3,"column":8},"end":{"line":3,"column":25}},"1":{"start":{"line":4,"column":8},"end":{"line":4,"column":23}},"2":{"start":{"line":8,"column":8},"end":{"line":12,"column":9}},"3":{"start":{"line":9,"column":12},"end":{"line":9,"column":67}},"4":{"start":{"line":11,"column":12},"end":{"line":11,"column":80}},"5":{"start":{"line":16,"column":0},"end":{"line":16,"column":24}}},"fnMap":{"0":{"name":"(anonymous_0)","decl":{"start":{"line":2,"column":4},"end":{"line":2,"column":5}},"loc":{"start":{"line":2,"column":27},"end":{"line":5,"column":5}},"line":2},"1":{"name":"(anonymous_1)","decl":{"start":{"line":7,"column":4},"end":{"line":7,"column":5}},"loc":{"start":{"line":7,"column":15},"end":{"line":13,"column":5}},"line":7}},"branchMap":{"0":{"loc":{"start":{"line":8,"column":8},"end":{"line":12,"column":9}},"type":"if","locations":[{"start":{"line":8,"column":8},"end":{"line":12,"column":9}},{"start":{"line":10,"column":14},"end":{"line":12,"column":9}}],"line":8}},"s":{"0":4,"1":4,"2":2,"3":1,"4":1,"5":1},"f":{"0":4,"1":2},"b":{"0":[1,1]},"_coverageSchema":"1a1c01bbd47fc00a2c39e90264f33305004495a9","hash":"91a2569a05433e3689634700caa9bef84e3a7b40"}
}
